-------------------------------------------------------------------------------
Test set: com.cmxz.snakesmartmemo.service.UserServerImplTest
-------------------------------------------------------------------------------
Tests run: 1, Failures: 0, Errors: 1, Skipped: 0, Time elapsed: 0.033 s <<< FAILURE! - in com.cmxz.snakesmartmemo.service.UserServerImplTest
testRegister(com.cmxz.snakesmartmemo.service.UserServerImplTest)  Time elapsed: 0 s  <<< ERROR!
java.lang.NoClassDefFoundError: Could not initialize class org.mockito.internal.creation.cglib.ClassImposterizer$3

