-------------------------------------------------------------------------------
Test set: com.cmxz.snakesmartmemo.dao.IdAndPasswordDaoTest
-------------------------------------------------------------------------------
Tests run: 3, Failures: 0, Errors: 3, Skipped: 0, Time elapsed: 0.104 s <<< FAILURE! - in com.cmxz.snakesmartmemo.dao.IdAndPasswordDaoTest
testGetByIdAndPwd(com.cmxz.snakesmartmemo.dao.IdAndPasswordDaoTest)  Time elapsed: 0.103 s  <<< ERROR!
java.lang.ExceptionInInitializerError
	at com.cmxz.snakesmartmemo.dao.IdAndPasswordDaoTest.testGetByIdAndPwd(IdAndPasswordDaoTest.java:28)
Caused by: org.apache.ibatis.exceptions.PersistenceException: 

### Error building SqlSession.
### The error may exist in SQL Mapper Configuration
### Cause: org.apache.ibatis.builder.BuilderException: Error parsing SQL Mapper Configuration. Cause: java.io.IOException: Could not find resource db.properties
	at com.cmxz.snakesmartmemo.dao.IdAndPasswordDaoTest.testGetByIdAndPwd(IdAndPasswordDaoTest.java:28)
Caused by: org.apache.ibatis.builder.BuilderException: Error parsing SQL Mapper Configuration. Cause: java.io.IOException: Could not find resource db.properties
	at com.cmxz.snakesmartmemo.dao.IdAndPasswordDaoTest.testGetByIdAndPwd(IdAndPasswordDaoTest.java:28)
Caused by: java.io.IOException: Could not find resource db.properties
	at com.cmxz.snakesmartmemo.dao.IdAndPasswordDaoTest.testGetByIdAndPwd(IdAndPasswordDaoTest.java:28)

testIdAndPasswordList(com.cmxz.snakesmartmemo.dao.IdAndPasswordDaoTest)  Time elapsed: 0 s  <<< ERROR!
java.lang.NoClassDefFoundError: Could not initialize class com.cmxz.snakesmartmemo.util.MybatisUtils
	at com.cmxz.snakesmartmemo.dao.IdAndPasswordDaoTest.testIdAndPasswordList(IdAndPasswordDaoTest.java:14)

testInsert(com.cmxz.snakesmartmemo.dao.IdAndPasswordDaoTest)  Time elapsed: 0 s  <<< ERROR!
java.lang.NoClassDefFoundError: Could not initialize class com.cmxz.snakesmartmemo.util.MybatisUtils
	at com.cmxz.snakesmartmemo.dao.IdAndPasswordDaoTest.testInsert(IdAndPasswordDaoTest.java:42)

