-------------------------------------------------------------------------------
Test set: com.cmxz.snakesmartmemo.controller.UserControllerTest
-------------------------------------------------------------------------------
Tests run: 1, Failures: 0, Errors: 1, Skipped: 0, Time elapsed: 0.311 s <<< FAILURE! - in com.cmxz.snakesmartmemo.controller.UserControllerTest
testEcho(com.cmxz.snakesmartmemo.controller.UserControllerTest)  Time elapsed: 0.004 s  <<< ERROR!
java.lang.ExceptionInInitializerError
Caused by: java.lang.reflect.InaccessibleObjectException: Unable to make protected final java.lang.Class java.lang.ClassLoader.defineClass(java.lang.String,byte[],int,int,java.security.ProtectionDomain) throws java.lang.ClassFormatError accessible: module java.base does not "opens java.lang" to unnamed module @4411d970

