<?xml version="1.0" encoding="UTF-8"?>
<testsuite xmlns:xsi="http://www.w3.org/2001/XMLSchema-instance" xsi:noNamespaceSchemaLocation="https://maven.apache.org/surefire/maven-surefire-plugin/xsd/surefire-test-report.xsd" name="com.cmxz.snakesmartmemo.util.MybatisUtilsTest" time="0" tests="2" errors="2" skipped="0" failures="0">
  <properties>
[...]
</properties>
  <testcase name="testIdAndPasswordList" classname="com.cmxz.snakesmartmemo.util.MybatisUtilsTest" time="0">
    <error message="Could not initialize class com.cmxz.snakesmartmemo.util.MybatisUtils" type="java.lang.NoClassDefFoundError">java.lang.NoClassDefFoundError: Could not initialize class com.cmxz.snakesmartmemo.util.MybatisUtils
	at com.cmxz.snakesmartmemo.util.MybatisUtilsTest.testIdAndPasswordList(MybatisUtilsTest.java:31)
</error>
  </testcase>
  <testcase name="testGetUserInfoList" classname="com.cmxz.snakesmartmemo.util.MybatisUtilsTest" time="0">
    <error message="Could not initialize class com.cmxz.snakesmartmemo.util.MybatisUtils" type="java.lang.NoClassDefFoundError">java.lang.NoClassDefFoundError: Could not initialize class com.cmxz.snakesmartmemo.util.MybatisUtils
	at com.cmxz.snakesmartmemo.util.MybatisUtilsTest.testGetUserInfoList(MybatisUtilsTest.java:17)
</error>
  </testcase>
</testsuite>