<?xml version="1.0" encoding="UTF-8"?>
<testsuite xmlns:xsi="http://www.w3.org/2001/XMLSchema-instance" xsi:noNamespaceSchemaLocation="https://maven.apache.org/surefire/maven-surefire-plugin/xsd/surefire-test-report.xsd" name="com.cmxz.snakesmartmemo.dao.IdAndPasswordDaoTest" time="0.077" tests="3" errors="3" skipped="0" failures="0">
  <properties>
[...]
</properties>
  <testcase name="testGetByIdAndPwd" classname="com.cmxz.snakesmartmemo.dao.IdAndPasswordDaoTest" time="0.076">
    <error type="java.lang.ExceptionInInitializerError">java.lang.ExceptionInInitializerError
	at com.cmxz.snakesmartmemo.dao.IdAndPasswordDaoTest.testGetByIdAndPwd(IdAndPasswordDaoTest.java:28)
Caused by: org.apache.ibatis.exceptions.PersistenceException: 

### Error building SqlSession.
### The error may exist in SQL Mapper Configuration
### Cause: org.apache.ibatis.builder.BuilderException: Error parsing SQL Mapper Configuration. Cause: java.io.IOException: Could not find resource db.properties
	at com.cmxz.snakesmartmemo.dao.IdAndPasswordDaoTest.testGetByIdAndPwd(IdAndPasswordDaoTest.java:28)
Caused by: org.apache.ibatis.builder.BuilderException: Error parsing SQL Mapper Configuration. Cause: java.io.IOException: Could not find resource db.properties
	at com.cmxz.snakesmartmemo.dao.IdAndPasswordDaoTest.testGetByIdAndPwd(IdAndPasswordDaoTest.java:28)
Caused by: java.io.IOException: Could not find resource db.properties
	at com.cmxz.snakesmartmemo.dao.IdAndPasswordDaoTest.testGetByIdAndPwd(IdAndPasswordDaoTest.java:28)
</error>
  </testcase>
  <testcase name="testIdAndPasswordList" classname="com.cmxz.snakesmartmemo.dao.IdAndPasswordDaoTest" time="0">
    <error message="Could not initialize class com.cmxz.snakesmartmemo.util.MybatisUtils" type="java.lang.NoClassDefFoundError">java.lang.NoClassDefFoundError: Could not initialize class com.cmxz.snakesmartmemo.util.MybatisUtils
	at com.cmxz.snakesmartmemo.dao.IdAndPasswordDaoTest.testIdAndPasswordList(IdAndPasswordDaoTest.java:14)
</error>
  </testcase>
  <testcase name="testInsert" classname="com.cmxz.snakesmartmemo.dao.IdAndPasswordDaoTest" time="0.001">
    <error message="Could not initialize class com.cmxz.snakesmartmemo.util.MybatisUtils" type="java.lang.NoClassDefFoundError">java.lang.NoClassDefFoundError: Could not initialize class com.cmxz.snakesmartmemo.util.MybatisUtils
	at com.cmxz.snakesmartmemo.dao.IdAndPasswordDaoTest.testInsert(IdAndPasswordDaoTest.java:42)
</error>
  </testcase>
</testsuite>